<IPython.core.display.HTML object>
------------------------------------------------------------------------------------------------
sample_dir_path:	 sand_1p1x_31MP_034
sample_dir_path:	 /home/t_kolesnik/noise2inverse_temp/sand_1p1x_31MP_034
projections_dirs: ['projections_noisy']
clean_projections_dir: []
Не найдено директории для чистых от шума проекций. Обработка только шумных проекций.
noisy_projections_dir: ['projections_noisy']
Training on GPU...

		device = gpu
		global_rs=42
		rec_library=localtomo
		rec_method=fbp
		main_data_path=/home/t_kolesnik/noise2inverse_temp/sand_1p1x_31MP_034/data
		clean_projections_dir=None
		noisy_projections_dir=projections_noisy
		main_logs_path=/home/t_kolesnik/noise2inverse_temp/sand_1p1x_31MP_034/data/logs
		center=300
		rec_width=-1
		modes_correction_list=['circ_mask']
		splits=4
		normalize_rec=1
		hist_percent=99
		circ_mask_ratio=0.9
		output_projs_prefix=output
		log_projs_idx=50

sino_noisy: (224, 720, 592) <class 'numpy.ndarray'> float32
postprocessing_args: {'circ_mask': [('ratio', 0.9), ('axis', 0)]}
postprocessing_args: {'circ_mask': [('ratio', 0.9), ('axis', 0)]}
postprocessing_list ['circ_mask']

angles: 720 [0.         0.00436332 0.00872665 0.01308997 0.01745329 0.02181662
 0.02617994 0.03054326 0.03490659 0.03926991 0.04363323 0.04799655
 0.05235988 0.0567232  0.06108652 0.06544985 0.06981317 0.07417649
 0.07853982 0.08290314 0.08726646 0.09162979 0.09599311 0.10035643
 0.10471976 0.10908308 0.1134464  0.11780972 0.12217305 0.12653637
 0.13089969 0.13526302 0.13962634 0.14398966 0.14835299 0.15271631
 0.15707963 0.16144296 0.16580628 0.1701696  0.17453293 0.17889625
 0.18325957 0.18762289 0.19198622 0.19634954 0.20071286 0.20507619
 0.20943951 0.21380283 0.21816616 0.22252948 0.2268928  0.23125613
 0.23561945 0.23998277 0.2443461  0.24870942 0.25307274 0.25743606
 0.26179939 0.26616271 0.27052603 0.27488936 0.27925268 0.283616
 0.28797933 0.29234265 0.29670597 0.3010693  0.30543262 0.30979594
 0.31415927 0.31852259 0.32288591 0.32724923 0.33161256 0.33597588
 0.3403392  0.34470253 0.34906585 0.35342917 0.3577925  0.36215582
 0.36651914 0.37088247 0.37524579 0.37960911 0.38397244 0.38833576
 0.39269908 0.3970624  0.40142573 0.40578905 0.41015237 0.4145157
 0.41887902 0.42324234 0.42760567 0.43196899 0.43633231 0.44069564
 0.44505896 0.44942228 0.45378561 0.45814893 0.46251225 0.46687557
 0.4712389  0.47560222 0.47996554 0.48432887 0.48869219 0.49305551
 0.49741884 0.50178216 0.50614548 0.51050881 0.51487213 0.51923545
 0.52359878 0.5279621  0.53232542 0.53668874 0.54105207 0.54541539
 0.54977871 0.55414204 0.55850536 0.56286868 0.56723201 0.57159533
 0.57595865 0.58032198 0.5846853  0.58904862 0.59341195 0.59777527
 0.60213859 0.60650192 0.61086524 0.61522856 0.61959188 0.62395521
 0.62831853 0.63268185 0.63704518 0.6414085  0.64577182 0.65013515
 0.65449847 0.65886179 0.66322512 0.66758844 0.67195176 0.67631509
 0.68067841 0.68504173 0.68940505 0.69376838 0.6981317  0.70249502
 0.70685835 0.71122167 0.71558499 0.71994832 0.72431164 0.72867496
 0.73303829 0.73740161 0.74176493 0.74612826 0.75049158 0.7548549
 0.75921822 0.76358155 0.76794487 0.77230819 0.77667152 0.78103484
 0.78539816 0.78976149 0.79412481 0.79848813 0.80285146 0.80721478
 0.8115781  0.81594143 0.82030475 0.82466807 0.82903139 0.83339472
 0.83775804 0.84212136 0.84648469 0.85084801 0.85521133 0.85957466
 0.86393798 0.8683013  0.87266463 0.87702795 0.88139127 0.8857546
 0.89011792 0.89448124 0.89884456 0.90320789 0.90757121 0.91193453
 0.91629786 0.92066118 0.9250245  0.92938783 0.93375115 0.93811447
 0.9424778  0.94684112 0.95120444 0.95556777 0.95993109 0.96429441
 0.96865773 0.97302106 0.97738438 0.9817477  0.98611103 0.99047435
 0.99483767 0.999201   1.00356432 1.00792764 1.01229097 1.01665429
 1.02101761 1.02538094 1.02974426 1.03410758 1.0384709  1.04283423
 1.04719755 1.05156087 1.0559242  1.06028752 1.06465084 1.06901417
 1.07337749 1.07774081 1.08210414 1.08646746 1.09083078 1.09519411
 1.09955743 1.10392075 1.10828408 1.1126474  1.11701072 1.12137404
 1.12573737 1.13010069 1.13446401 1.13882734 1.14319066 1.14755398
 1.15191731 1.15628063 1.16064395 1.16500728 1.1693706  1.17373392
 1.17809725 1.18246057 1.18682389 1.19118721 1.19555054 1.19991386
 1.20427718 1.20864051 1.21300383 1.21736715 1.22173048 1.2260938
 1.23045712 1.23482045 1.23918377 1.24354709 1.24791042 1.25227374
 1.25663706 1.26100038 1.26536371 1.26972703 1.27409035 1.27845368
 1.282817   1.28718032 1.29154365 1.29590697 1.30027029 1.30463362
 1.30899694 1.31336026 1.31772359 1.32208691 1.32645023 1.33081355
 1.33517688 1.3395402  1.34390352 1.34826685 1.35263017 1.35699349
 1.36135682 1.36572014 1.37008346 1.37444679 1.37881011 1.38317343
 1.38753676 1.39190008 1.3962634  1.40062672 1.40499005 1.40935337
 1.41371669 1.41808002 1.42244334 1.42680666 1.43116999 1.43553331
 1.43989663 1.44425996 1.44862328 1.4529866  1.45734993 1.46171325
 1.46607657 1.47043989 1.47480322 1.47916654 1.48352986 1.48789319
 1.49225651 1.49661983 1.50098316 1.50534648 1.5097098  1.51407313
 1.51843645 1.52279977 1.5271631  1.53152642 1.53588974 1.54025306
 1.54461639 1.54897971 1.55334303 1.55770636 1.56206968 1.566433
 1.57079633 1.57515965 1.57952297 1.5838863  1.58824962 1.59261294
 1.59697627 1.60133959 1.60570291 1.61006623 1.61442956 1.61879288
 1.6231562  1.62751953 1.63188285 1.63624617 1.6406095  1.64497282
 1.64933614 1.65369947 1.65806279 1.66242611 1.66678944 1.67115276
 1.67551608 1.67987941 1.68424273 1.68860605 1.69296937 1.6973327
 1.70169602 1.70605934 1.71042267 1.71478599 1.71914931 1.72351264
 1.72787596 1.73223928 1.73660261 1.74096593 1.74532925 1.74969258
 1.7540559  1.75841922 1.76278254 1.76714587 1.77150919 1.77587251
 1.78023584 1.78459916 1.78896248 1.79332581 1.79768913 1.80205245
 1.80641578 1.8107791  1.81514242 1.81950575 1.82386907 1.82823239
 1.83259571 1.83695904 1.84132236 1.84568568 1.85004901 1.85441233
 1.85877565 1.86313898 1.8675023  1.87186562 1.87622895 1.88059227
 1.88495559 1.88931892 1.89368224 1.89804556 1.90240888 1.90677221
 1.91113553 1.91549885 1.91986218 1.9242255  1.92858882 1.93295215
 1.93731547 1.94167879 1.94604212 1.95040544 1.95476876 1.95913209
 1.96349541 1.96785873 1.97222205 1.97658538 1.9809487  1.98531202
 1.98967535 1.99403867 1.99840199 2.00276532 2.00712864 2.01149196
 2.01585529 2.02021861 2.02458193 2.02894526 2.03330858 2.0376719
 2.04203522 2.04639855 2.05076187 2.05512519 2.05948852 2.06385184
 2.06821516 2.07257849 2.07694181 2.08130513 2.08566846 2.09003178
 2.0943951  2.09875843 2.10312175 2.10748507 2.11184839 2.11621172
 2.12057504 2.12493836 2.12930169 2.13366501 2.13802833 2.14239166
 2.14675498 2.1511183  2.15548163 2.15984495 2.16420827 2.1685716
 2.17293492 2.17729824 2.18166156 2.18602489 2.19038821 2.19475153
 2.19911486 2.20347818 2.2078415  2.21220483 2.21656815 2.22093147
 2.2252948  2.22965812 2.23402144 2.23838477 2.24274809 2.24711141
 2.25147474 2.25583806 2.26020138 2.2645647  2.26892803 2.27329135
 2.27765467 2.282018   2.28638132 2.29074464 2.29510797 2.29947129
 2.30383461 2.30819794 2.31256126 2.31692458 2.32128791 2.32565123
 2.33001455 2.33437787 2.3387412  2.34310452 2.34746784 2.35183117
 2.35619449 2.36055781 2.36492114 2.36928446 2.37364778 2.37801111
 2.38237443 2.38673775 2.39110108 2.3954644  2.39982772 2.40419104
 2.40855437 2.41291769 2.41728101 2.42164434 2.42600766 2.43037098
 2.43473431 2.43909763 2.44346095 2.44782428 2.4521876  2.45655092
 2.46091425 2.46527757 2.46964089 2.47400421 2.47836754 2.48273086
 2.48709418 2.49145751 2.49582083 2.50018415 2.50454748 2.5089108
 2.51327412 2.51763745 2.52200077 2.52636409 2.53072742 2.53509074
 2.53945406 2.54381738 2.54818071 2.55254403 2.55690735 2.56127068
 2.565634   2.56999732 2.57436065 2.57872397 2.58308729 2.58745062
 2.59181394 2.59617726 2.60054059 2.60490391 2.60926723 2.61363055
 2.61799388 2.6223572  2.62672052 2.63108385 2.63544717 2.63981049
 2.64417382 2.64853714 2.65290046 2.65726379 2.66162711 2.66599043
 2.67035376 2.67471708 2.6790804  2.68344372 2.68780705 2.69217037
 2.69653369 2.70089702 2.70526034 2.70962366 2.71398699 2.71835031
 2.72271363 2.72707696 2.73144028 2.7358036  2.74016693 2.74453025
 2.74889357 2.7532569  2.75762022 2.76198354 2.76634686 2.77071019
 2.77507351 2.77943683 2.78380016 2.78816348 2.7925268  2.79689013
 2.80125345 2.80561677 2.8099801  2.81434342 2.81870674 2.82307007
 2.82743339 2.83179671 2.83616003 2.84052336 2.84488668 2.84925
 2.85361333 2.85797665 2.86233997 2.8667033  2.87106662 2.87542994
 2.87979327 2.88415659 2.88851991 2.89288324 2.89724656 2.90160988
 2.9059732  2.91033653 2.91469985 2.91906317 2.9234265  2.92778982
 2.93215314 2.93651647 2.94087979 2.94524311 2.94960644 2.95396976
 2.95833308 2.96269641 2.96705973 2.97142305 2.97578637 2.9801497
 2.98451302 2.98887634 2.99323967 2.99760299 3.00196631 3.00632964
 3.01069296 3.01505628 3.01941961 3.02378293 3.02814625 3.03250958
 3.0368729  3.04123622 3.04559954 3.04996287 3.05432619 3.05868951
 3.06305284 3.06741616 3.07177948 3.07614281 3.08050613 3.08486945
 3.08923278 3.0935961  3.09795942 3.10232275 3.10668607 3.11104939
 3.11541271 3.11977604 3.12413936 3.12850268 3.13286601 3.13722933]
<IPython.core.display.HTML object>
------------------------------------------------------------------------------------------------
sample_dir_path:	 phantom
sample_dir_path:	 /home/t_kolesnik/noise2inverse_temp/phantom
projections_dirs: ['projections_noisy', 'projections_clean']
clean_projections_dir: ['projections_clean']
noisy_projections_dir: ['projections_noisy']
Training on GPU...

		device = gpu
		global_rs=42
		rec_library=localtomo
		rec_method=fbp
		main_data_path=/home/t_kolesnik/noise2inverse_temp/phantom/data
		clean_projections_dir=projections_clean
		noisy_projections_dir=projections_noisy
		main_logs_path=/home/t_kolesnik/noise2inverse_temp/phantom/data/logs
		center=-1
		rec_width=512
		modes_correction_list=['circ_mask']
		splits=4
		normalize_rec=0
		hist_percent=100
		circ_mask_ratio=0.9
		output_projs_prefix=output
		log_projs_idx=50

sino_clean: (512, 1024, 768) <class 'numpy.ndarray'> float32
sino_noisy: (512, 1024, 768) <class 'numpy.ndarray'> float32
postprocessing_args: {'circ_mask': [('ratio', 0.9), ('axis', 0)]}
postprocessing_args: {'circ_mask': [('ratio', 0.9), ('axis', 0)]}
postprocessing_list ['circ_mask']

angles: 1024 [0.00000000e+00 3.06796158e-03 6.13592315e-03 ... 3.13238877e+00
 3.13545673e+00 3.13852469e+00]
